-------------------------------------------------------------------------------
Test set: com.api.music.service.impl.SongServiceImplTest
-------------------------------------------------------------------------------
Tests run: 1, Failures: 0, Errors: 1, Skipped: 0, Time elapsed: 0.002 s <<< FAILURE! - in com.api.music.service.impl.SongServiceImplTest
com.api.music.service.impl.SongServiceImplTest  Time elapsed: 0.002 s  <<< ERROR!
org.junit.platform.commons.JUnitException: @BeforeAll method 'public void com.api.music.service.impl.SongServiceImplTest.setup()' must be static unless the test class is annotated with @TestInstance(Lifecycle.PER_CLASS).

